<?xml version="1.0" encoding="UTF-8"?>
<!-- Generated by org.testng.reporters.JUnitReportReporter -->
<testsuite hostname="EN911683" failures="0" tests="5" name="TestPlan" time="7.981" errors="0" timestamp="2022-03-01T10:26:58 COT" skipped="0">
  <testcase classname="TestPlan" name="Login" time="2.521"/>
  <system-out/>
  <testcase classname="TestPlan" name="CreateList" time="1.222"/>
  <system-out/>
  <testcase classname="TestPlan" name="AddToList" time="1.799"/>
  <system-out/>
  <testcase classname="TestPlan" name="AddToFavorites" time="1.168"/>
  <system-out/>
  <testcase classname="TestPlan" name="AddToWatchList" time="1.271"/>
  <system-out/>
</testsuite> <!-- TestPlan -->
